Assembler report for cscc
Wed Mar 02 18:58:05 2016
Quartus II Version 9.0 Build 132 02/25/2009 SJ Full Version


---------------------
; Table of Contents ;
---------------------
  1. Legal Notice
  2. Assembler Summary
  3. Assembler Settings
  4. Assembler Generated Files
  5. Assembler Device Options: K:/msx/ALTERA_S_MSX/aa/cssc/cscc.sof
  6. Assembler Device Options: K:/msx/ALTERA_S_MSX/aa/cssc/cscc.pof
  7. Assembler Messages



----------------
; Legal Notice ;
----------------
Copyright (C) 1991-2009 Altera Corporation
Your use of Altera Corporation's design tools, logic functions 
and other software and tools, and its AMPP partner logic 
functions, and any output files from any of the foregoing 
(including device programming or simulation files), and any 
associated documentation or information are expressly subject 
to the terms and conditions of the Altera Program License 
Subscription Agreement, Altera MegaCore Function License 
Agreement, or other applicable license agreement, including, 
without limitation, that your use is for the sole purpose of 
programming logic devices manufactured by Altera and sold by 
Altera or its authorized distributors.  Please refer to the 
applicable agreement for further details.



+---------------------------------------------------------------+
; Assembler Summary                                             ;
+-----------------------+---------------------------------------+
; Assembler Status      ; Successful - Wed Mar 02 18:58:05 2016 ;
; Revision Name         ; cscc                                  ;
; Top-level Entity Name ; cscc                                  ;
; Family                ; FLEX10KA                              ;
; Device                ; EPF10K100ARI240-3                     ;
+-----------------------+---------------------------------------+


+--------------------------------------------------------------------------------------------------------+
; Assembler Settings                                                                                     ;
+-----------------------------------------------------------------------------+----------+---------------+
; Option                                                                      ; Setting  ; Default Value ;
+-----------------------------------------------------------------------------+----------+---------------+
; Low-voltage mode                                                            ; Off      ; On            ;
; Configuration device                                                        ; Epc2     ; Auto          ;
; Use smart compilation                                                       ; Off      ; Off           ;
; Compression mode                                                            ; Off      ; Off           ;
; Clock source for configuration device                                       ; Internal ; Internal      ;
; Clock frequency of the configuration device                                 ; 10 MHZ   ; 10 MHz        ;
; Divide clock frequency by                                                   ; 1        ; 1             ;
; Use configuration device                                                    ; On       ; On            ;
; Configuration device auto user code                                         ; Off      ; Off           ;
; Generate Tabular Text File (.ttf) For Target Device                         ; Off      ; Off           ;
; Generate Raw Binary File (.rbf) For Target Device                           ; Off      ; Off           ;
; Generate Hexadecimal (Intel-Format) Output File (.hexout) for Target Device ; Off      ; Off           ;
; Hexadecimal Output File start address                                       ; 0        ; 0             ;
; Hexadecimal Output File count direction                                     ; Up       ; Up            ;
; Release clears before tri-states                                            ; Off      ; Off           ;
; Auto-restart configuration after error                                      ; On       ; On            ;
; Generate Serial Vector Format File (.svf) for Target Device                 ; Off      ; Off           ;
; Generate a JEDEC STAPL Format File (.jam) for Target Device                 ; Off      ; Off           ;
; Generate a compressed Jam STAPL Byte Code 2.0 File (.jbc) for Target Device ; Off      ; Off           ;
; Generate a compressed Jam STAPL Byte Code 2.0 File (.jbc) for Target Device ; On       ; On            ;
+-----------------------------------------------------------------------------+----------+---------------+


+--------------------------------------+
; Assembler Generated Files            ;
+--------------------------------------+
; File Name                            ;
+--------------------------------------+
; K:/msx/ALTERA_S_MSX/aa/cssc/cscc.sof ;
; K:/msx/ALTERA_S_MSX/aa/cssc/cscc.pof ;
+--------------------------------------+


+----------------------------------------------------------------+
; Assembler Device Options: K:/msx/ALTERA_S_MSX/aa/cssc/cscc.sof ;
+----------------+-----------------------------------------------+
; Option         ; Setting                                       ;
+----------------+-----------------------------------------------+
; Device         ; EPF10K100ARI240-3                             ;
; JTAG usercode  ; 0x0000007F                                    ;
; Checksum       ; 0x00119C24                                    ;
+----------------+-----------------------------------------------+


+----------------------------------------------------------------+
; Assembler Device Options: K:/msx/ALTERA_S_MSX/aa/cssc/cscc.pof ;
+--------------------+-------------------------------------------+
; Option             ; Setting                                   ;
+--------------------+-------------------------------------------+
; Device             ; EPC2                                      ;
; JTAG usercode      ; 0x00000000                                ;
; Checksum           ; 0x01109376                                ;
; Compression Ratio  ; 1                                         ;
+--------------------+-------------------------------------------+


+--------------------+
; Assembler Messages ;
+--------------------+
Info: *******************************************************************
Info: Running Quartus II Assembler
    Info: Version 9.0 Build 132 02/25/2009 SJ Full Version
    Info: Processing started: Wed Mar 02 18:58:03 2016
Info: Command: quartus_asm --read_settings_files=off --write_settings_files=off cscc -c cscc
Info: Assembler is generating device programming files
Info: Quartus II Assembler was successful. 0 errors, 0 warnings
    Info: Peak virtual memory: 214 megabytes
    Info: Processing ended: Wed Mar 02 18:58:05 2016
    Info: Elapsed time: 00:00:02
    Info: Total CPU time (on all processors): 00:00:02


